nohup: ignoring input
================================================================================
QGSI STAGE 4 PHASE 2: ATR TRAILING STOP - SHORT SIGNALS
================================================================================
Strategy: ATR_Trailing_Stop
Signal Type: SHORT ONLY
ATR Period: 30 (Fixed)
Multipliers: [1.5, 2.0, 2.5, 3.0, 3.5, 4.0, 4.5, 5.0]
Total Combinations: 8
Max Bars in Trade: 20
================================================================================

[1/3] Loading symbol list...
✓ Found 400 symbols
✓ Created 40 batches of 10 symbols each

[2/3] Processing 8 multipliers...

  [1/8] Multiplier: 1.5×
    Batch 10/40... 14017 trades
    Batch 20/40... 28393 trades
    Batch 30/40... 43607 trades
    Batch 40/40... 60033 trades
    ✓ 60033 trades, $859,092, PF:1.139 (38.2s)

  [2/8] Multiplier: 2.0×
    Batch 10/40... 14017 trades
    Batch 20/40... 28393 trades
    Batch 30/40... 43607 trades
    Batch 40/40... 60033 trades
    ✓ 60033 trades, $724,964, PF:1.096 (37.4s)

  [3/8] Multiplier: 2.5×
    Batch 10/40... 14017 trades
    Batch 20/40... 28393 trades
    Batch 30/40... 43607 trades
    Batch 40/40... 60033 trades
    ✓ 60033 trades, $634,513, PF:1.074 (36.7s)

  [4/8] Multiplier: 3.0×
    Batch 10/40... 14017 trades
    Batch 20/40... 28393 trades
    Batch 30/40... 43607 trades
    Batch 40/40... 60033 trades
    ✓ 60033 trades, $513,797, PF:1.055 (35.8s)

  [5/8] Multiplier: 3.5×
    Batch 10/40... 14017 trades
    Batch 20/40... 28393 trades
    Batch 30/40... 43607 trades
    Batch 40/40... 60033 trades
    ✓ 60033 trades, $382,735, PF:1.038 (36.5s)

  [6/8] Multiplier: 4.0×
    Batch 10/40... 14017 trades
    Batch 20/40... 28393 trades
    Batch 30/40... 43607 trades
    Batch 40/40... 60033 trades
    ✓ 60033 trades, $255,832, PF:1.024 (35.2s)

  [7/8] Multiplier: 4.5×
    Batch 10/40... 14017 trades
    Batch 20/40... 28393 trades
    Batch 30/40... 43607 trades
    Batch 40/40... 60033 trades
    ✓ 60033 trades, $140,642, PF:1.013 (35.9s)

  [8/8] Multiplier: 5.0×
    Batch 10/40... 14017 trades
    Batch 20/40... 28393 trades
    Batch 30/40... 43607 trades
    Batch 40/40... 60033 trades
    ✓ 60033 trades, $98,487, PF:1.009 (35.6s)

[3/3] Saving results...
✓ Saved performance: /home/ubuntu/stage4_optimization/ATR_Trailing_Stop_Short_Performance.csv

================================================================================
SUMMARY
================================================================================
TOP 5 CONFIGURATIONS
================================================================================
 Rank  Multiplier   SystemScore     NetProfit  ProfitFactor  WinRate  TotalTrades
    1         1.5 978318.167102 859092.338572      1.138781 0.343161        60033
    2         2.0 794659.085367 724963.906946      1.096136 0.371229        60033
    3         2.5 681372.806536 634513.263808      1.073851 0.398597        60033
    4         3.0 541924.291994 513797.189009      1.054744 0.422101        60033
    5         3.5 397379.522851 382735.065335      1.038263 0.437959        60033

✓ Total processing time: 4.9 minutes
================================================================================
